[0305/200322.486:ERROR:backend_impl.cc(1041)] Critical error found -8
[0305/200322.489:ERROR:entry_impl.cc(1075)] No file for c1030000
[0305/200322.489:WARNING:storage_block-inl.h(146)] Failed data load.
[0305/200322.490:WARNING:storage_block-inl.h(146)] Failed data load.
[0305/200322.490:WARNING:storage_block-inl.h(146)] Failed data load.
[0305/200322.490:WARNING:storage_block-inl.h(146)] Failed data load.
[0305/200322.490:ERROR:entry_impl.cc(1075)] No file for c1030006
[0305/200322.490:WARNING:storage_block-inl.h(146)] Failed data load.
[0305/200322.490:WARNING:storage_block-inl.h(146)] Failed data load.
[0305/200322.490:WARNING:storage_block-inl.h(146)] Failed data load.
[0305/200322.490:WARNING:storage_block-inl.h(146)] Failed data load.
[0305/200322.490:ERROR:entry_impl.cc(1075)] No file for c1030004
[0305/200322.492:WARNING:storage_block-inl.h(146)] Failed data load.
[0305/200322.492:WARNING:storage_block-inl.h(146)] Failed data load.
[0305/200322.509:WARNING:storage_block-inl.h(146)] Failed data load.
[0305/200348.890:WARNING:dns_config_service_win.cc(712)] Failed to read DnsConfig.
[0305/200348.907:WARNING:dns_config_service_win.cc(712)] Failed to read DnsConfig.
[0305/200500.939:ERROR:gpu_init.cc(426)] Passthrough is not supported, GL is disabled
[0305/201424.972:WARNING:ipc_message_attachment_set.cc(49)] MessageAttachmentSet destroyed with unconsumed attachments: 0/1
[0305/201424.972:ERROR:command_buffer_proxy_impl.cc(121)] ContextResult::kTransientFailure: Failed to send GpuChannelMsg_CreateCommandBuffer.
[0305/203910.527:ERROR:gpu_init.cc(426)] Passthrough is not supported, GL is disabled
[0305/204755.669:ERROR:gpu_init.cc(426)] Passthrough is not supported, GL is disabled
[0305/204912.629:WARNING:dns_config_service_win.cc(712)] Failed to read DnsConfig.
[0305/204912.632:WARNING:dns_config_service_win.cc(712)] Failed to read DnsConfig.
[0305/205004.805:WARNING:dns_config_service_win.cc(712)] Failed to read DnsConfig.
[0305/205004.821:WARNING:dns_config_service_win.cc(712)] Failed to read DnsConfig.
[0305/205754.672:WARNING:dns_config_service_win.cc(712)] Failed to read DnsConfig.
[0305/205754.682:WARNING:dns_config_service_win.cc(712)] Failed to read DnsConfig.
[0305/210939.084:WARNING:dns_config_service_win.cc(712)] Failed to read DnsConfig.
[0305/210939.106:WARNING:dns_config_service_win.cc(712)] Failed to read DnsConfig.
[0305/210944.090:WARNING:dns_config_service_win.cc(712)] Failed to read DnsConfig.
[0305/210944.120:WARNING:dns_config_service_win.cc(712)] Failed to read DnsConfig.
[0305/211818.676:WARNING:dns_config_service_win.cc(712)] Failed to read DnsConfig.
[0305/211818.676:WARNING:dns_config_service_win.cc(712)] Failed to read DnsConfig.
[0305/230453.071:ERROR:gpu_init.cc(426)] Passthrough is not supported, GL is disabled
